#
# There is insufficient memory for the Java Runtime Environment to continue.
# Native memory allocation (malloc) failed to allocate 32744 bytes for Chunk::new
# Possible reasons:
#   The system is out of physical RAM or swap space
#   The process is running with CompressedOops enabled, and the Java Heap may be blocking the growth of the native heap
# Possible solutions:
#   Reduce memory load on the system
#   Increase physical memory or swap space
#   Check if swap backing store is full
#   Decrease Java heap size (-Xmx/-Xms)
#   Decrease number of Java threads
#   Decrease Java thread stack sizes (-Xss)
#   Set larger code cache with -XX:ReservedCodeCacheSize=
#   JVM is running with Zero Based Compressed Oops mode in which the Java heap is
#     placed in the first 32GB address space. The Java Heap base address is the
#     maximum limit for the native heap growth. Please use -XX:HeapBaseMinAddress
#     to set the Java Heap base and to place the Java Heap above 32GB virtual address.
# This output file may be truncated or incomplete.
#
#  Out of Memory Error (arena.cpp:168), pid=3760, tid=12648
#
# JRE version: Java(TM) SE Runtime Environment (21.0.5+9) (build 21.0.5+9-LTS-239)
# Java VM: Java HotSpot(TM) 64-Bit Server VM (21.0.5+9-LTS-239, mixed mode, emulated-client, sharing, tiered, compressed oops, compressed class ptrs, g1 gc, windows-amd64)
# No core dump will be written. Minidumps are not enabled by default on client versions of Windows
#

---------------  S U M M A R Y ------------

Command Line: -XX:TieredStopAtLevel=1 -Dspring.output.ansi.enabled=always -Dcom.sun.management.jmxremote -Dspring.jmx.enabled=true -Dspring.liveBeansView.mbeanDomain -Dspring.application.admin.enabled=true -Dmanagement.endpoints.jmx.exposure.include=* -javaagent:C:\Program Files\JetBrains\IntelliJ IDEA 2024.3.4\lib\idea_rt.jar=59183 -Dfile.encoding=UTF-8 -Dsun.stdout.encoding=UTF-8 -Dsun.stderr.encoding=UTF-8 com.hau.blogService.BlogServiceApplication

Host: AMD Ryzen 5 5600H with Radeon Graphics         , 12 cores, 31G,  Windows 10 , 64 bit Build 19041 (10.0.19041.5794)
Time: Mon Jun  2 21:25:18 2025 SE Asia Standard Time elapsed time: 17288.966998 seconds (0d 4h 48m 8s)

---------------  T H R E A D  ---------------

Current thread (0x00000260665fb8c0):  JavaThread "C1 CompilerThread0" daemon [_thread_in_native, id=12648, stack(0x000000fc96000000,0x000000fc96100000) (1024K)]


Current CompileTask:
C1:17288967 7058       1       org.postgresql.shaded.com.ongres.stringprep.Tables::unassignedCodePoints (4322 bytes)

Stack: [0x000000fc96000000,0x000000fc96100000]
Native frames: (J=compiled Java code, j=interpreted, Vv=VM code, C=native code)
V  [jvm.dll+0x6ca289]
V  [jvm.dll+0x854a51]
V  [jvm.dll+0x856f7e]
V  [jvm.dll+0x857653]
V  [jvm.dll+0x27dd26]
V  [jvm.dll+0xc4c2d]
V  [jvm.dll+0xc5163]
V  [jvm.dll+0x13e2be]
V  [jvm.dll+0x13d657]
V  [jvm.dll+0x19851b]
V  [jvm.dll+0x1987d6]
V  [jvm.dll+0x153613]
V  [jvm.dll+0x152e58]
V  [jvm.dll+0x1530a4]
V  [jvm.dll+0x1524d6]
V  [jvm.dll+0x1542ad]
V  [jvm.dll+0x2554d9]
V  [jvm.dll+0x253a6a]
V  [jvm.dll+0x3ee136]
V  [jvm.dll+0x7fee9b]
V  [jvm.dll+0x6c896d]
C  [ucrtbase.dll+0x21bb2]
C  [KERNEL32.DLL+0x17374]
C  [ntdll.dll+0x4cc91]


---------------  P R O C E S S  ---------------

Threads class SMR info:
_java_thread_list=0x000002606b4bbbd0, length=34, elements={
0x0000026063a46b80, 0x0000026063a47a90, 0x0000026063a4b050, 0x0000026063a4d3b0,
0x0000026063a4de00, 0x00000260665f4fe0, 0x00000260665fb8c0, 0x0000026063a173e0,
0x00000260669ee5f0, 0x00000260669eb580, 0x000002606b4413c0, 0x000002606b51a5a0,
0x000002606b52f050, 0x000002606bee0930, 0x000002606bedf580, 0x000002606bee0fc0,
0x000002606bee1650, 0x000002606bee1ce0, 0x000002606bee2370, 0x000002606bee2a00,
0x000002606e503440, 0x000002606e506230, 0x000002606e505ba0, 0x000002606e502db0,
0x000002606e505510, 0x000002606e503ad0, 0x000002606e504160, 0x000002606e504e80,
0x000002606e5047f0, 0x000002606e5802c0, 0x000002606e582a20, 0x000002606e580fe0,
0x000002606e57ef10, 0x000002606e583dd0
}

Java Threads: ( => current thread )
  0x0000026063a46b80 JavaThread "Reference Handler"          daemon [_thread_blocked, id=25056, stack(0x000000fc95a00000,0x000000fc95b00000) (1024K)]
  0x0000026063a47a90 JavaThread "Finalizer"                  daemon [_thread_blocked, id=30048, stack(0x000000fc95b00000,0x000000fc95c00000) (1024K)]
  0x0000026063a4b050 JavaThread "Signal Dispatcher"          daemon [_thread_blocked, id=27408, stack(0x000000fc95c00000,0x000000fc95d00000) (1024K)]
  0x0000026063a4d3b0 JavaThread "Attach Listener"            daemon [_thread_blocked, id=25552, stack(0x000000fc95d00000,0x000000fc95e00000) (1024K)]
  0x0000026063a4de00 JavaThread "Service Thread"             daemon [_thread_blocked, id=12092, stack(0x000000fc95e00000,0x000000fc95f00000) (1024K)]
  0x00000260665f4fe0 JavaThread "Monitor Deflation Thread"   daemon [_thread_blocked, id=16324, stack(0x000000fc95f00000,0x000000fc96000000) (1024K)]
=>0x00000260665fb8c0 JavaThread "C1 CompilerThread0"         daemon [_thread_in_native, id=12648, stack(0x000000fc96000000,0x000000fc96100000) (1024K)]
  0x0000026063a173e0 JavaThread "Common-Cleaner"             daemon [_thread_blocked, id=26224, stack(0x000000fc96100000,0x000000fc96200000) (1024K)]
  0x00000260669ee5f0 JavaThread "Monitor Ctrl-Break"         daemon [_thread_in_native, id=12456, stack(0x000000fc96400000,0x000000fc96500000) (1024K)]
  0x00000260669eb580 JavaThread "Notification Thread"        daemon [_thread_blocked, id=31180, stack(0x000000fc96500000,0x000000fc96600000) (1024K)]
  0x000002606b4413c0 JavaThread "RMI TCP Accept-0"           daemon [_thread_in_native, id=25384, stack(0x000000fc96700000,0x000000fc96800000) (1024K)]
  0x000002606b51a5a0 JavaThread "RMI Scheduler(0)"           daemon [_thread_blocked, id=32568, stack(0x000000fc97200000,0x000000fc97300000) (1024K)]
  0x000002606b52f050 JavaThread "JMX server connection timeout 35" daemon [_thread_blocked, id=30740, stack(0x000000fc97300000,0x000000fc97400000) (1024K)]
  0x000002606bee0930 JavaThread "Catalina-utility-1"                [_thread_blocked, id=25156, stack(0x000000fc97400000,0x000000fc97500000) (1024K)]
  0x000002606bedf580 JavaThread "Catalina-utility-2"                [_thread_blocked, id=32544, stack(0x000000fc97800000,0x000000fc97900000) (1024K)]
  0x000002606bee0fc0 JavaThread "container-0"                       [_thread_blocked, id=1560, stack(0x000000fc97900000,0x000000fc97a00000) (1024K)]
  0x000002606bee1650 JavaThread "PostgreSQL-JDBC-Cleaner"    daemon [_thread_blocked, id=15748, stack(0x000000fc97b00000,0x000000fc97c00000) (1024K)]
  0x000002606bee1ce0 JavaThread "HikariPool-1 housekeeper"   daemon [_thread_blocked, id=14168, stack(0x000000fc97c00000,0x000000fc97d00000) (1024K)]
  0x000002606bee2370 JavaThread "http-nio-8085-exec-1"       daemon [_thread_blocked, id=23088, stack(0x000000fc97e00000,0x000000fc97f00000) (1024K)]
  0x000002606bee2a00 JavaThread "http-nio-8085-exec-2"       daemon [_thread_blocked, id=20552, stack(0x000000fc97f00000,0x000000fc98000000) (1024K)]
  0x000002606e503440 JavaThread "http-nio-8085-exec-3"       daemon [_thread_blocked, id=16752, stack(0x000000fc98000000,0x000000fc98100000) (1024K)]
  0x000002606e506230 JavaThread "http-nio-8085-exec-4"       daemon [_thread_blocked, id=11796, stack(0x000000fc98100000,0x000000fc98200000) (1024K)]
  0x000002606e505ba0 JavaThread "http-nio-8085-exec-5"       daemon [_thread_blocked, id=31992, stack(0x000000fc98200000,0x000000fc98300000) (1024K)]
  0x000002606e502db0 JavaThread "http-nio-8085-exec-6"       daemon [_thread_blocked, id=16296, stack(0x000000fc98300000,0x000000fc98400000) (1024K)]
  0x000002606e505510 JavaThread "http-nio-8085-exec-7"       daemon [_thread_blocked, id=5280, stack(0x000000fc98400000,0x000000fc98500000) (1024K)]
  0x000002606e503ad0 JavaThread "http-nio-8085-exec-8"       daemon [_thread_blocked, id=10456, stack(0x000000fc98500000,0x000000fc98600000) (1024K)]
  0x000002606e504160 JavaThread "http-nio-8085-exec-9"       daemon [_thread_blocked, id=16356, stack(0x000000fc98600000,0x000000fc98700000) (1024K)]
  0x000002606e504e80 JavaThread "http-nio-8085-exec-10"      daemon [_thread_blocked, id=11088, stack(0x000000fc98700000,0x000000fc98800000) (1024K)]
  0x000002606e5047f0 JavaThread "http-nio-8085-Poller"       daemon [_thread_in_native, id=29220, stack(0x000000fc98800000,0x000000fc98900000) (1024K)]
  0x000002606e5802c0 JavaThread "http-nio-8085-Acceptor"     daemon [_thread_in_native, id=1608, stack(0x000000fc98900000,0x000000fc98a00000) (1024K)]
  0x000002606e582a20 JavaThread "DestroyJavaVM"                     [_thread_blocked, id=10372, stack(0x000000fc95200000,0x000000fc95300000) (1024K)]
  0x000002606e580fe0 JavaThread "RMI TCP Connection(idle)"   daemon [_thread_blocked, id=23316, stack(0x000000fc94f00000,0x000000fc95000000) (1024K)]
  0x000002606e57ef10 JavaThread "HikariPool-1 connection closer" daemon [_thread_blocked, id=16608, stack(0x000000fc95000000,0x000000fc95100000) (1024K)]
  0x000002606e583dd0 JavaThread "HikariPool-1 connection adder" daemon [_thread_blocked, id=11656, stack(0x000000fc95100000,0x000000fc95200000) (1024K)]
Total: 34

Other Threads:
  0x0000026063a27c50 VMThread "VM Thread"                           [id=21804, stack(0x000000fc95900000,0x000000fc95a00000) (1024K)]
  0x0000026063a16380 WatcherThread "VM Periodic Task Thread"        [id=22244, stack(0x000000fc95800000,0x000000fc95900000) (1024K)]
  0x000002606388fbd0 WorkerThread "GC Thread#0"                     [id=15780, stack(0x000000fc95300000,0x000000fc95400000) (1024K)]
  0x000002606b49ebb0 WorkerThread "GC Thread#1"                     [id=6468, stack(0x000000fc96900000,0x000000fc96a00000) (1024K)]
  0x000002606b45f960 WorkerThread "GC Thread#2"                     [id=29856, stack(0x000000fc96a00000,0x000000fc96b00000) (1024K)]
  0x000002606b460110 WorkerThread "GC Thread#3"                     [id=29020, stack(0x000000fc96b00000,0x000000fc96c00000) (1024K)]
  0x000002606b4608c0 WorkerThread "GC Thread#4"                     [id=31560, stack(0x000000fc96c00000,0x000000fc96d00000) (1024K)]
  0x000002606b460c60 WorkerThread "GC Thread#5"                     [id=18288, stack(0x000000fc96d00000,0x000000fc96e00000) (1024K)]
  0x000002606b461210 WorkerThread "GC Thread#6"                     [id=30516, stack(0x000000fc96e00000,0x000000fc96f00000) (1024K)]
  0x000002606b4615b0 WorkerThread "GC Thread#7"                     [id=30496, stack(0x000000fc96f00000,0x000000fc97000000) (1024K)]
  0x000002606b494030 WorkerThread "GC Thread#8"                     [id=6396, stack(0x000000fc97000000,0x000000fc97100000) (1024K)]
  0x000002606b4943d0 WorkerThread "GC Thread#9"                     [id=12044, stack(0x000000fc97100000,0x000000fc97200000) (1024K)]
  0x000002604e452440 ConcurrentGCThread "G1 Main Marker"            [id=28344, stack(0x000000fc95400000,0x000000fc95500000) (1024K)]
  0x000002604e452e50 WorkerThread "G1 Conc#0"                       [id=14548, stack(0x000000fc95500000,0x000000fc95600000) (1024K)]
  0x000002606b75b0a0 WorkerThread "G1 Conc#1"                       [id=29880, stack(0x000000fc97600000,0x000000fc97700000) (1024K)]
  0x000002606b75c660 WorkerThread "G1 Conc#2"                       [id=31376, stack(0x000000fc97700000,0x000000fc97800000) (1024K)]
  0x00000260638e74d0 ConcurrentGCThread "G1 Refine#0"               [id=9764, stack(0x000000fc95600000,0x000000fc95700000) (1024K)]
  0x00000260638e7cf0 ConcurrentGCThread "G1 Service"                [id=16548, stack(0x000000fc95700000,0x000000fc95800000) (1024K)]
Total: 18

Threads with active compile tasks:
C1 CompilerThread0  17288986 7058       1       org.postgresql.shaded.com.ongres.stringprep.Tables::unassignedCodePoints (4322 bytes)
Total: 1

VM state: not at safepoint (normal execution)

VM Mutex/Monitor currently owned by a thread: None

Heap address: 0x000000060a800000, size: 8024 MB, Compressed Oops mode: Zero based, Oop shift amount: 3

CDS archive(s) mapped at: [0x0000026000000000-0x0000026000c90000-0x0000026000c90000), size 13172736, SharedBaseAddress: 0x0000026000000000, ArchiveRelocationMode: 1.
Compressed class space mapped at: 0x0000026001000000-0x0000026041000000, reserved size: 1073741824
Narrow klass base: 0x0000026000000000, Narrow klass shift: 0, Narrow klass range: 0x100000000

GC Precious Log:
 CardTable entry size: 512
 Card Set container configuration: InlinePtr #cards 4 size 8 Array Of Cards #cards 32 size 80 Howl #buckets 8 coarsen threshold 7372 Howl Bitmap #cards 1024 size 144 coarsen threshold 921 Card regions per heap region 1 cards per card region 8192
 CPUs: 12 total, 12 available
 Memory: 32095M
 Large Page Support: Disabled
 NUMA Support: Disabled
 Compressed Oops: Enabled (Zero based)
 Heap Region Size: 4M
 Heap Min Capacity: 8M
 Heap Initial Capacity: 504M
 Heap Max Capacity: 8024M
 Pre-touch: Disabled
 Parallel Workers: 10
 Concurrent Workers: 3
 Concurrent Refinement Workers: 10
 Periodic GC: Disabled

Heap:
 garbage-first heap   total 126976K, used 78506K [0x000000060a800000, 0x0000000800000000)
  region size 4096K, 10 young (40960K), 2 survivors (8192K)
 Metaspace       used 73211K, committed 73984K, reserved 1114112K
  class space    used 10642K, committed 11008K, reserved 1048576K

Heap Regions: E=young(eden), S=young(survivor), O=old, HS=humongous(starts), HC=humongous(continues), CS=collection set, F=free, TAMS=top-at-mark-start, PB=parsable bottom
|   0|0x000000060a800000, 0x000000060ac00000, 0x000000060ac00000|100%| O|  |TAMS 0x000000060a800000| PB 0x000000060a800000| Untracked 
|   1|0x000000060ac00000, 0x000000060b000000, 0x000000060b000000|100%| O|  |TAMS 0x000000060ac00000| PB 0x000000060ac00000| Untracked 
|   2|0x000000060b000000, 0x000000060b400000, 0x000000060b400000|100%| O|  |TAMS 0x000000060b000000| PB 0x000000060b000000| Untracked 
|   3|0x000000060b400000, 0x000000060b448a00, 0x000000060b800000|  7%| O|  |TAMS 0x000000060b400000| PB 0x000000060b400000| Untracked 
|   4|0x000000060b800000, 0x000000060bc00000, 0x000000060bc00000|100%| O|  |TAMS 0x000000060b800000| PB 0x000000060b800000| Untracked 
|   5|0x000000060bc00000, 0x000000060c000000, 0x000000060c000000|100%| O|  |TAMS 0x000000060bc00000| PB 0x000000060bc00000| Untracked 
|   6|0x000000060c000000, 0x000000060c400000, 0x000000060c400000|100%| O|  |TAMS 0x000000060c000000| PB 0x000000060c000000| Untracked 
|   7|0x000000060c400000, 0x000000060c800000, 0x000000060c800000|100%| O|Cm|TAMS 0x000000060c400000| PB 0x000000060c400000| Complete 
|   8|0x000000060c800000, 0x000000060cc00000, 0x000000060cc00000|100%| O|  |TAMS 0x000000060c800000| PB 0x000000060c800000| Untracked 
|   9|0x000000060cc00000, 0x000000060cc00000, 0x000000060d000000|  0%| F|  |TAMS 0x000000060cc00000| PB 0x000000060cc00000| Untracked 
|  10|0x000000060d000000, 0x000000060d000000, 0x000000060d400000|  0%| F|  |TAMS 0x000000060d000000| PB 0x000000060d000000| Untracked 
|  11|0x000000060d400000, 0x000000060d400000, 0x000000060d800000|  0%| F|  |TAMS 0x000000060d400000| PB 0x000000060d400000| Untracked 
|  12|0x000000060d800000, 0x000000060dc00000, 0x000000060dc00000|100%| O|  |TAMS 0x000000060d800000| PB 0x000000060d800000| Untracked 
|  13|0x000000060dc00000, 0x000000060e000000, 0x000000060e000000|100%| O|  |TAMS 0x000000060dc00000| PB 0x000000060dc00000| Untracked 
|  14|0x000000060e000000, 0x000000060e400000, 0x000000060e400000|100%| O|  |TAMS 0x000000060e000000| PB 0x000000060e000000| Untracked 
|  15|0x000000060e400000, 0x000000060e400000, 0x000000060e800000|  0%| F|  |TAMS 0x000000060e400000| PB 0x000000060e400000| Untracked 
|  16|0x000000060e800000, 0x000000060e861ef0, 0x000000060ec00000|  9%| S|CS|TAMS 0x000000060e800000| PB 0x000000060e800000| Complete 
|  17|0x000000060ec00000, 0x000000060f000000, 0x000000060f000000|100%| S|CS|TAMS 0x000000060ec00000| PB 0x000000060ec00000| Complete 
|  18|0x000000060f000000, 0x000000060f000000, 0x000000060f400000|  0%| F|  |TAMS 0x000000060f000000| PB 0x000000060f000000| Untracked 
|  19|0x000000060f400000, 0x000000060f400000, 0x000000060f800000|  0%| F|  |TAMS 0x000000060f400000| PB 0x000000060f400000| Untracked 
|  20|0x000000060f800000, 0x000000060f800000, 0x000000060fc00000|  0%| F|  |TAMS 0x000000060f800000| PB 0x000000060f800000| Untracked 
|  21|0x000000060fc00000, 0x000000060fc00000, 0x0000000610000000|  0%| F|  |TAMS 0x000000060fc00000| PB 0x000000060fc00000| Untracked 
|  22|0x0000000610000000, 0x0000000610000000, 0x0000000610400000|  0%| F|  |TAMS 0x0000000610000000| PB 0x0000000610000000| Untracked 
|  23|0x0000000610400000, 0x0000000610729680, 0x0000000610800000| 79%| E|  |TAMS 0x0000000610400000| PB 0x0000000610400000| Complete 
|  24|0x0000000610800000, 0x0000000610c00000, 0x0000000610c00000|100%| E|CS|TAMS 0x0000000610800000| PB 0x0000000610800000| Complete 
|  25|0x0000000610c00000, 0x0000000611000000, 0x0000000611000000|100%| E|CS|TAMS 0x0000000610c00000| PB 0x0000000610c00000| Complete 
|  26|0x0000000611000000, 0x0000000611400000, 0x0000000611400000|100%| E|CS|TAMS 0x0000000611000000| PB 0x0000000611000000| Complete 
|  27|0x0000000611400000, 0x0000000611800000, 0x0000000611800000|100%| E|CS|TAMS 0x0000000611400000| PB 0x0000000611400000| Complete 
|  28|0x0000000611800000, 0x0000000611c00000, 0x0000000611c00000|100%| E|CS|TAMS 0x0000000611800000| PB 0x0000000611800000| Complete 
|  29|0x0000000611c00000, 0x0000000612000000, 0x0000000612000000|100%| E|CS|TAMS 0x0000000611c00000| PB 0x0000000611c00000| Complete 
| 125|0x0000000629c00000, 0x000000062a000000, 0x000000062a000000|100%| E|CS|TAMS 0x0000000629c00000| PB 0x0000000629c00000| Complete 

Card table byte_map: [0x000002605ab40000,0x000002605baf0000] _byte_map_base: 0x0000026057aec000

Marking Bits: (CMBitMap*) 0x000002604e441ef0
 Bits: [0x000002605baf0000, 0x0000026063850000)

Polling page: 0x000002604c1c0000

Metaspace:

Usage:
  Non-class:     61.10 MB used.
      Class:     10.39 MB used.
       Both:     71.50 MB used.

Virtual space:
  Non-class space:       64.00 MB reserved,      61.50 MB ( 96%) committed,  1 nodes.
      Class space:        1.00 GB reserved,      10.75 MB (  1%) committed,  1 nodes.
             Both:        1.06 GB reserved,      72.25 MB (  7%) committed. 

Chunk freelists:
   Non-Class:  1.94 MB
       Class:  5.07 MB
        Both:  7.01 MB

MaxMetaspaceSize: unlimited
CompressedClassSpaceSize: 1.00 GB
Initial GC threshold: 21.00 MB
Current GC threshold: 120.31 MB
CDS: on
 - commit_granule_bytes: 65536.
 - commit_granule_words: 8192.
 - virtual_space_node_default_size: 8388608.
 - enlarge_chunks_in_place: 1.
 - use_allocation_guard: 0.


Internal statistics:

num_allocs_failed_limit: 9.
num_arena_births: 1150.
num_arena_deaths: 0.
num_vsnodes_births: 2.
num_vsnodes_deaths: 0.
num_space_committed: 1156.
num_space_uncommitted: 0.
num_chunks_returned_to_freelist: 9.
num_chunks_taken_from_freelist: 3773.
num_chunk_merges: 9.
num_chunk_splits: 2733.
num_chunks_enlarged: 2110.
num_inconsistent_stats: 0.

CodeCache: size=49152Kb used=12265Kb max_used=12949Kb free=36886Kb
 bounds [0x0000026056860000, 0x0000026057510000, 0x0000026059860000]
 total_blobs=7665 nmethods=6961 adapters=628
 compilation: enabled
              stopped_count=0, restarted_count=0
 full_count=0

Compilation events (20 events):
Event: 17288.891 Thread 0x00000260665fb8c0 nmethod 7048 0x00000260569c5790 code [0x00000260569c5940, 0x00000260569c5c08]
Event: 17288.891 Thread 0x00000260665fb8c0 7049       1       java.nio.HeapCharBuffer::<init> (23 bytes)
Event: 17288.891 Thread 0x00000260665fb8c0 nmethod 7049 0x00000260569c5390 code [0x00000260569c5540, 0x00000260569c56d0]
Event: 17288.904 Thread 0x00000260665fb8c0 7050       1       sun.security.provider.DigestBase::<init> (27 bytes)
Event: 17288.904 Thread 0x00000260665fb8c0 nmethod 7050 0x00000260569c4f10 code [0x00000260569c50a0, 0x00000260569c52c8]
Event: 17288.904 Thread 0x00000260665fb8c0 7051   !   1       java.security.MessageDigest$Delegate::of (84 bytes)
Event: 17288.905 Thread 0x00000260665fb8c0 nmethod 7051 0x00000260569c4410 code [0x00000260569c4620, 0x00000260569c4cb0]
Event: 17288.905 Thread 0x00000260665fb8c0 7052       1       java.security.MessageDigest$Delegate$CloneableDelegate::<init> (8 bytes)
Event: 17288.905 Thread 0x00000260665fb8c0 nmethod 7052 0x00000260569c4010 code [0x00000260569c41a0, 0x00000260569c43a0]
Event: 17288.905 Thread 0x00000260665fb8c0 7053       1       java.security.MessageDigest$Delegate::<init> (12 bytes)
Event: 17288.905 Thread 0x00000260665fb8c0 nmethod 7053 0x00000260569c3c10 code [0x00000260569c3da0, 0x00000260569c3f98]
Event: 17288.905 Thread 0x00000260665fb8c0 7054       1       java.security.MessageDigest::<init> (20 bytes)
Event: 17288.905 Thread 0x00000260665fb8c0 nmethod 7054 0x00000260569c3890 code [0x00000260569c3a20, 0x00000260569c3b98]
Event: 17288.945 Thread 0x00000260665fb8c0 7055       1       java.lang.String::split (8 bytes)
Event: 17288.945 Thread 0x00000260665fb8c0 nmethod 7055 0x00000260569c3590 code [0x00000260569c3720, 0x00000260569c3808]
Event: 17288.946 Thread 0x00000260665fb8c0 7056   !   1       sun.nio.ch.NioSocketImpl::setOption (538 bytes)
Event: 17288.947 Thread 0x00000260665fb8c0 nmethod 7056 0x00000260569c0c10 code [0x00000260569c0fe0, 0x00000260569c2310]
Event: 17288.950 Thread 0x00000260665fb8c0 7057       1       org.postgresql.shaded.com.ongres.stringprep.Stringprep$$Lambda/0x0000026001655e18::test (5 bytes)
Event: 17288.950 Thread 0x00000260665fb8c0 nmethod 7057 0x00000260569c0910 code [0x00000260569c0aa0, 0x00000260569c0b80]
Event: 17288.950 Thread 0x00000260665fb8c0 7058       1       org.postgresql.shaded.com.ongres.stringprep.Tables::unassignedCodePoints (4322 bytes)

GC Heap History (20 events):
Event: 2.903 GC heap before
{Heap before GC invocations=6 (full 0):
 garbage-first heap   total 98304K, used 68896K [0x000000060a800000, 0x0000000800000000)
  region size 4096K, 12 young (49152K), 2 survivors (8192K)
 Metaspace       used 33057K, committed 33728K, reserved 1114112K
  class space    used 4561K, committed 4864K, reserved 1048576K
}
Event: 2.911 GC heap after
{Heap after GC invocations=7 (full 0):
 garbage-first heap   total 98304K, used 27333K [0x000000060a800000, 0x0000000800000000)
  region size 4096K, 2 young (8192K), 2 survivors (8192K)
 Metaspace       used 33057K, committed 33728K, reserved 1114112K
  class space    used 4561K, committed 4864K, reserved 1048576K
}
Event: 3.235 GC heap before
{Heap before GC invocations=7 (full 0):
 garbage-first heap   total 98304K, used 43717K [0x000000060a800000, 0x0000000800000000)
  region size 4096K, 7 young (28672K), 2 survivors (8192K)
 Metaspace       used 35328K, committed 35840K, reserved 1114112K
  class space    used 4836K, committed 5056K, reserved 1048576K
}
Event: 3.243 GC heap after
{Heap after GC invocations=8 (full 0):
 garbage-first heap   total 307200K, used 28783K [0x000000060a800000, 0x0000000800000000)
  region size 4096K, 2 young (8192K), 2 survivors (8192K)
 Metaspace       used 35328K, committed 35840K, reserved 1114112K
  class space    used 4836K, committed 5056K, reserved 1048576K
}
Event: 4.500 GC heap before
{Heap before GC invocations=9 (full 0):
 garbage-first heap   total 122880K, used 94319K [0x000000060a800000, 0x0000000800000000)
  region size 4096K, 18 young (73728K), 2 survivors (8192K)
 Metaspace       used 49183K, committed 49792K, reserved 1114112K
  class space    used 6823K, committed 7104K, reserved 1048576K
}
Event: 4.505 GC heap after
{Heap after GC invocations=10 (full 0):
 garbage-first heap   total 122880K, used 32510K [0x000000060a800000, 0x0000000800000000)
  region size 4096K, 3 young (12288K), 3 survivors (12288K)
 Metaspace       used 49183K, committed 49792K, reserved 1114112K
  class space    used 6823K, committed 7104K, reserved 1048576K
}
Event: 5.296 GC heap before
{Heap before GC invocations=10 (full 0):
 garbage-first heap   total 122880K, used 69374K [0x000000060a800000, 0x0000000800000000)
  region size 4096K, 13 young (53248K), 3 survivors (12288K)
 Metaspace       used 59301K, committed 59968K, reserved 1114112K
  class space    used 8388K, committed 8704K, reserved 1048576K
}
Event: 5.302 GC heap after
{Heap after GC invocations=11 (full 0):
 garbage-first heap   total 122880K, used 32503K [0x000000060a800000, 0x0000000800000000)
  region size 4096K, 2 young (8192K), 2 survivors (8192K)
 Metaspace       used 59301K, committed 59968K, reserved 1114112K
  class space    used 8388K, committed 8704K, reserved 1048576K
}
Event: 5.328 GC heap before
{Heap before GC invocations=11 (full 0):
 garbage-first heap   total 122880K, used 32503K [0x000000060a800000, 0x0000000800000000)
  region size 4096K, 3 young (12288K), 2 survivors (8192K)
 Metaspace       used 59610K, committed 60288K, reserved 1114112K
  class space    used 8444K, committed 8768K, reserved 1048576K
}
Event: 5.332 GC heap after
{Heap after GC invocations=12 (full 0):
 garbage-first heap   total 122880K, used 32816K [0x000000060a800000, 0x0000000800000000)
  region size 4096K, 2 young (8192K), 2 survivors (8192K)
 Metaspace       used 59610K, committed 60288K, reserved 1114112K
  class space    used 8444K, committed 8768K, reserved 1048576K
}
Event: 6.259 GC heap before
{Heap before GC invocations=13 (full 0):
 garbage-first heap   total 122880K, used 98352K [0x000000060a800000, 0x0000000800000000)
  region size 4096K, 18 young (73728K), 2 survivors (8192K)
 Metaspace       used 65879K, committed 66688K, reserved 1114112K
  class space    used 9493K, committed 9856K, reserved 1048576K
}
Event: 6.266 GC heap after
{Heap after GC invocations=14 (full 0):
 garbage-first heap   total 122880K, used 42273K [0x000000060a800000, 0x0000000800000000)
  region size 4096K, 3 young (12288K), 3 survivors (12288K)
 Metaspace       used 65879K, committed 66688K, reserved 1114112K
  class space    used 9493K, committed 9856K, reserved 1048576K
}
Event: 6.569 GC heap before
{Heap before GC invocations=14 (full 0):
 garbage-first heap   total 122880K, used 99617K [0x000000060a800000, 0x0000000800000000)
  region size 4096K, 17 young (69632K), 3 survivors (12288K)
 Metaspace       used 67670K, committed 68416K, reserved 1114112K
  class space    used 9869K, committed 10176K, reserved 1048576K
}
Event: 6.578 GC heap after
{Heap after GC invocations=15 (full 0):
 garbage-first heap   total 126976K, used 48117K [0x000000060a800000, 0x0000000800000000)
  region size 4096K, 2 young (8192K), 2 survivors (8192K)
 Metaspace       used 67670K, committed 68416K, reserved 1114112K
  class space    used 9869K, committed 10176K, reserved 1048576K
}
Event: 6.834 GC heap before
{Heap before GC invocations=15 (full 0):
 garbage-first heap   total 126976K, used 101365K [0x000000060a800000, 0x0000000800000000)
  region size 4096K, 15 young (61440K), 2 survivors (8192K)
 Metaspace       used 69543K, committed 70272K, reserved 1114112K
  class space    used 10122K, committed 10432K, reserved 1048576K
}
Event: 6.835 GC heap after
{Heap after GC invocations=16 (full 0):
 garbage-first heap   total 126976K, used 45819K [0x000000060a800000, 0x0000000800000000)
  region size 4096K, 1 young (4096K), 1 survivors (4096K)
 Metaspace       used 69543K, committed 70272K, reserved 1114112K
  class space    used 10122K, committed 10432K, reserved 1048576K
}
Event: 7.440 GC heap before
{Heap before GC invocations=16 (full 0):
 garbage-first heap   total 126976K, used 107259K [0x000000060a800000, 0x0000000800000000)
  region size 4096K, 16 young (65536K), 1 survivors (4096K)
 Metaspace       used 72966K, committed 73664K, reserved 1114112K
  class space    used 10593K, committed 10880K, reserved 1048576K
}
Event: 7.443 GC heap after
{Heap after GC invocations=17 (full 0):
 garbage-first heap   total 126976K, used 49415K [0x000000060a800000, 0x0000000800000000)
  region size 4096K, 2 young (8192K), 2 survivors (8192K)
 Metaspace       used 72966K, committed 73664K, reserved 1114112K
  class space    used 10593K, committed 10880K, reserved 1048576K
}
Event: 1967.503 GC heap before
{Heap before GC invocations=18 (full 0):
 garbage-first heap   total 126976K, used 102663K [0x000000060a800000, 0x0000000800000000)
  region size 4096K, 15 young (61440K), 2 survivors (8192K)
 Metaspace       used 73206K, committed 73984K, reserved 1114112K
  class space    used 10641K, committed 11008K, reserved 1048576K
}
Event: 1967.506 GC heap after
{Heap after GC invocations=19 (full 0):
 garbage-first heap   total 126976K, used 49834K [0x000000060a800000, 0x0000000800000000)
  region size 4096K, 2 young (8192K), 2 survivors (8192K)
 Metaspace       used 73206K, committed 73984K, reserved 1114112K
  class space    used 10641K, committed 11008K, reserved 1048576K
}

Dll operation events (12 events):
Event: 0.007 Loaded shared library C:\Program Files\Java\jdk-21\bin\java.dll
Event: 0.138 Loaded shared library C:\Program Files\Java\jdk-21\bin\zip.dll
Event: 0.143 Loaded shared library C:\Program Files\Java\jdk-21\bin\instrument.dll
Event: 0.148 Loaded shared library C:\Program Files\Java\jdk-21\bin\net.dll
Event: 0.149 Loaded shared library C:\Program Files\Java\jdk-21\bin\nio.dll
Event: 0.153 Loaded shared library C:\Program Files\Java\jdk-21\bin\zip.dll
Event: 0.309 Loaded shared library C:\Program Files\Java\jdk-21\bin\jimage.dll
Event: 0.313 Loaded shared library C:\Program Files\Java\jdk-21\bin\extnet.dll
Event: 0.328 Loaded shared library C:\Program Files\Java\jdk-21\bin\management.dll
Event: 0.340 Loaded shared library C:\Program Files\Java\jdk-21\bin\management_ext.dll
Event: 1.868 Loaded shared library C:\Program Files\Java\jdk-21\bin\sunmscapi.dll
Event: 3.771 Loaded shared library C:\Program Files\Java\jdk-21\bin\verify.dll

Deoptimization events (2 events):
Event: 2.068 Thread 0x000002604c21fd80 DEOPT PACKING pc=0x0000026056eca4f4 sp=0x000000fc952fe170
Event: 2.068 Thread 0x000002604c21fd80 DEOPT UNPACKING pc=0x00000260568b4e42 sp=0x000000fc952fd638 mode 0

Classes loaded (20 events):
Event: 7.417 Loading class java/util/EnumMap$EntryIterator
Event: 7.417 Loading class java/util/EnumMap$EnumMapIterator
Event: 7.417 Loading class java/util/EnumMap$EnumMapIterator done
Event: 7.417 Loading class java/util/EnumMap$EntryIterator done
Event: 7.482 Loading class java/util/IdentityHashMap$KeySpliterator
Event: 7.482 Loading class java/util/IdentityHashMap$IdentityHashMapSpliterator
Event: 7.482 Loading class java/util/IdentityHashMap$IdentityHashMapSpliterator done
Event: 7.482 Loading class java/util/IdentityHashMap$KeySpliterator done
Event: 7.548 Loading class javax/management/remote/rmi/RMIConnectionImpl$6
Event: 7.548 Loading class javax/management/remote/rmi/RMIConnectionImpl$6 done
Event: 7.548 Loading class javax/management/remote/rmi/RMIConnectionImpl$7
Event: 7.548 Loading class javax/management/remote/rmi/RMIConnectionImpl$7 done
Event: 7.548 Loading class com/sun/jmx/remote/util/OrderClassLoaders
Event: 7.548 Loading class com/sun/jmx/remote/util/OrderClassLoaders done
Event: 7.548 Loading class javax/management/remote/rmi/RMIConnectionImpl$SetCcl
Event: 7.549 Loading class javax/management/remote/rmi/RMIConnectionImpl$SetCcl done
Event: 7.549 Loading class java/rmi/MarshalledObject$MarshalledObjectInputStream
Event: 7.549 Loading class java/rmi/MarshalledObject$MarshalledObjectInputStream done
Event: 17285.859 Loading class sun/net/ConnectionResetException
Event: 17285.859 Loading class sun/net/ConnectionResetException done

Classes unloaded (0 events):
No events

Classes redefined (0 events):
No events

Internal exceptions (20 events):
Event: 5.320 Thread 0x000002604c21fd80 Exception <a 'java/lang/NoSuchMethodError'{0x0000000629cc9870}: 'java.lang.Object java.lang.invoke.DirectMethodHandle$Holder.invokeSpecial(java.lang.Object, java.lang.Object, java.lang.Object, java.lang.Object, java.lang.Object, java.lang.Object, java.lang.Object, java.lang.Object, int)'> (0x0000000629cc9870) 
thrown [s\open\src\hotspot\share\interpreter\linkResolver.cpp, line 773]
Event: 5.320 Thread 0x000002604c21fd80 Exception <a 'java/lang/NoSuchMethodError'{0x0000000629ccd898}: 'java.lang.Object java.lang.invoke.Invokers$Holder.linkToTargetMethod(java.lang.Object, java.lang.Object, java.lang.Object, java.lang.Object, java.lang.Object, java.lang.Object, int, java.lang.Object)'> (0x0000000629ccd898) 
thrown [s\open\src\hotspot\share\interpreter\linkResolver.cpp, line 773]
Event: 5.348 Thread 0x000002604c21fd80 Exception <a 'java/lang/NoSuchMethodError'{0x0000000629c9baa0}: 'java.lang.Object java.lang.invoke.DirectMethodHandle$Holder.newInvokeSpecial(java.lang.Object, java.lang.Object, int, java.lang.Object, int, java.lang.Object, java.lang.Object)'> (0x0000000629c9baa0) 
thrown [s\open\src\hotspot\share\interpreter\linkResolver.cpp, line 773]
Event: 5.567 Thread 0x000002604c21fd80 Exception <a 'java/lang/NoSuchMethodError'{0x00000006111cc830}: 'java.lang.Object java.lang.invoke.DirectMethodHandle$Holder.invokeSpecial(java.lang.Object, java.lang.Object, int, java.lang.Object, int)'> (0x00000006111cc830) 
thrown [s\open\src\hotspot\share\interpreter\linkResolver.cpp, line 773]
Event: 5.625 Thread 0x000002604c21fd80 Exception <a 'java/lang/NoSuchMethodError'{0x0000000610c9e298}: 'java.lang.Object java.lang.invoke.DirectMethodHandle$Holder.invokeInterface(java.lang.Object, java.lang.Object, java.lang.Object, java.lang.Object)'> (0x0000000610c9e298) 
thrown [s\open\src\hotspot\share\interpreter\linkResolver.cpp, line 773]
Event: 5.733 Thread 0x000002604c21fd80 Exception <a 'java/lang/IncompatibleClassChangeError'{0x0000000610bc22e0}: Found class java.lang.Object, but interface was expected> (0x0000000610bc22e0) 
thrown [s\open\src\hotspot\share\interpreter\linkResolver.cpp, line 840]
Event: 5.783 Thread 0x000002604c21fd80 Exception <a 'java/lang/IncompatibleClassChangeError'{0x00000006105d5e38}: Found class java.lang.Object, but interface was expected> (0x00000006105d5e38) 
thrown [s\open\src\hotspot\share\interpreter\linkResolver.cpp, line 840]
Event: 5.913 Thread 0x000002604c21fd80 Exception <a 'java/lang/IncompatibleClassChangeError'{0x000000060fc5a660}: Found class java.lang.Object, but interface was expected> (0x000000060fc5a660) 
thrown [s\open\src\hotspot\share\interpreter\linkResolver.cpp, line 840]
Event: 5.947 Thread 0x000002604c21fd80 Exception <a 'java/lang/IncompatibleClassChangeError'{0x000000060fe1f198}: Found class java.lang.Object, but interface was expected> (0x000000060fe1f198) 
thrown [s\open\src\hotspot\share\interpreter\linkResolver.cpp, line 840]
Event: 6.926 Thread 0x000002604c21fd80 Exception <a 'java/lang/IncompatibleClassChangeError'{0x0000000611131078}: Found class java.lang.Object, but interface was expected> (0x0000000611131078) 
thrown [s\open\src\hotspot\share\interpreter\linkResolver.cpp, line 840]
Event: 6.938 Thread 0x000002604c21fd80 Exception <a 'java/lang/NoSuchMethodError'{0x00000006111bcf80}: 'java.lang.Object java.lang.invoke.DirectMethodHandle$Holder.invokeStatic(java.lang.Object, int, java.lang.Object)'> (0x00000006111bcf80) 
thrown [s\open\src\hotspot\share\interpreter\linkResolver.cpp, line 773]
Event: 7.086 Thread 0x000002604c21fd80 Exception <a 'java/lang/NoSuchMethodError'{0x00000006104d0840}: 'int java.lang.invoke.DirectMethodHandle$Holder.invokeStaticInit(java.lang.Object, int, java.lang.Object, java.lang.Object, java.lang.Object, java.lang.Object)'> (0x00000006104d0840) 
thrown [s\open\src\hotspot\share\interpreter\linkResolver.cpp, line 773]
Event: 7.149 Thread 0x000002604c21fd80 Exception <a 'java/lang/NoSuchMethodError'{0x00000006101ca3c0}: 'void java.lang.invoke.Invokers$Holder.invokeExact_MT(java.lang.Object, java.lang.Object, java.lang.Object, java.lang.Object)'> (0x00000006101ca3c0) 
thrown [s\open\src\hotspot\share\interpreter\linkResolver.cpp, line 773]
Event: 7.166 Thread 0x000002604c21fd80 Exception <a 'java/lang/NoSuchMethodError'{0x000000061032cc28}: 'void java.lang.invoke.DirectMethodHandle$Holder.invokeVirtual(java.lang.Object, java.lang.Object, long)'> (0x000000061032cc28) 
thrown [s\open\src\hotspot\share\interpreter\linkResolver.cpp, line 773]
Event: 7.175 Thread 0x000002604c21fd80 Exception <a 'java/lang/NoSuchMethodError'{0x000000060fc3bbf0}: 'java.lang.Object java.lang.invoke.DirectMethodHandle$Holder.newInvokeSpecial(java.lang.Object, java.lang.Object, int, java.lang.Object, java.lang.Object)'> (0x000000060fc3bbf0) 
thrown [s\open\src\hotspot\share\interpreter\linkResolver.cpp, line 773]
Event: 7.207 Thread 0x000002604c21fd80 Exception <a 'java/lang/NoSuchMethodError'{0x000000060f904b88}: 'void java.lang.invoke.Invokers$Holder.invokeExact_MT(java.lang.Object, java.lang.Object, int, java.lang.Object)'> (0x000000060f904b88) 
thrown [s\open\src\hotspot\share\interpreter\linkResolver.cpp, line 773]
Event: 7.230 Thread 0x000002604c21fd80 Exception <a 'java/lang/NoSuchMethodError'{0x000000060fab0590}: 'java.lang.Object java.lang.invoke.DirectMethodHandle$Holder.newInvokeSpecial(java.lang.Object, java.lang.Object, java.lang.Object, java.lang.Object, java.lang.Object, java.lang.Object, java.lang.Object, java.lang.Object)'> (0x000000060fab0590) 
thrown [s\open\src\hotspot\share\interpreter\linkResolver.cpp, line 773]
Event: 7.437 Thread 0x000002604c21fd80 Exception <a 'java/lang/IncompatibleClassChangeError'{0x000000060e7bce08}: Found class java.lang.Object, but interface was expected> (0x000000060e7bce08) 
thrown [s\open\src\hotspot\share\interpreter\linkResolver.cpp, line 840]
Event: 7.546 Thread 0x000002606b49d5c0 Exception <a 'java/lang/NoSuchMethodError'{0x0000000629e97538}: 'java.lang.Object java.lang.invoke.DirectMethodHandle$Holder.invokeInterface(java.lang.Object, java.lang.Object, java.lang.Object, java.lang.Object, java.lang.Object, java.lang.Object, java.lang.Object)'> (0x0000000629e97538) 
thrown [s\open\src\hotspot\share\interpreter\linkResolver.cpp, line 773]
Event: 17285.859 Thread 0x000002606e580fe0 Exception <a 'sun/net/ConnectionResetException'{0x0000000610b661d0}: Connection reset> (0x0000000610b661d0) 
thrown [s\open\src\hotspot\share\prims\jni.cpp, line 539]

ZGC Phase Switch (0 events):
No events

VM Operations (20 events):
Event: 541.211 Executing VM operation: Cleanup
Event: 541.211 Executing VM operation: Cleanup done
Event: 556.342 Executing VM operation: Cleanup
Event: 556.342 Executing VM operation: Cleanup done
Event: 654.148 Executing VM operation: Cleanup
Event: 654.148 Executing VM operation: Cleanup done
Event: 1508.101 Executing VM operation: Cleanup
Event: 1508.102 Executing VM operation: Cleanup done
Event: 1770.982 Executing VM operation: Cleanup
Event: 1770.982 Executing VM operation: Cleanup done
Event: 1799.148 Executing VM operation: Cleanup
Event: 1799.148 Executing VM operation: Cleanup done
Event: 1800.156 Executing VM operation: Cleanup
Event: 1800.156 Executing VM operation: Cleanup done
Event: 1804.171 Executing VM operation: Cleanup
Event: 1804.171 Executing VM operation: Cleanup done
Event: 1967.503 Executing VM operation: G1CollectForAllocation (G1 Evacuation Pause)
Event: 1967.506 Executing VM operation: G1CollectForAllocation (G1 Evacuation Pause) done
Event: 17288.666 Executing VM operation: Cleanup
Event: 17288.666 Executing VM operation: Cleanup done

Events (20 events):
Event: 117.202 Thread 0x000002606b56e9b0 Thread exited: 0x000002606b56e9b0
Event: 135.667 Thread 0x000002606bee02a0 Thread exited: 0x000002606bee02a0
Event: 540.667 Thread 0x000002606e57ef10 Thread added: 0x000002606e57ef10
Event: 615.699 Thread 0x000002606e57ef10 Thread exited: 0x000002606e57ef10
Event: 1207.560 Thread 0x000002606e5830b0 Thread added: 0x000002606e5830b0
Event: 1290.815 Thread 0x000002606e5830b0 Thread exited: 0x000002606e5830b0
Event: 1680.689 Thread 0x000002606e580fe0 Thread added: 0x000002606e580fe0
Event: 1755.850 Thread 0x000002606b49d5c0 Thread exited: 0x000002606b49d5c0
Event: 1770.481 Thread 0x000002606e585180 Thread added: 0x000002606e585180
Event: 1770.481 Thread 0x000002606e583dd0 Thread added: 0x000002606e583dd0
Event: 1778.264 Thread 0x000002606e585180 Thread exited: 0x000002606e585180
Event: 1778.325 Thread 0x000002606e583dd0 Thread exited: 0x000002606e583dd0
Event: 1789.540 Thread 0x000002606e57ef10 Thread added: 0x000002606e57ef10
Event: 1789.541 Thread 0x000002606e580950 Thread added: 0x000002606e580950
Event: 1800.695 Thread 0x000002606e584460 Thread added: 0x000002606e584460
Event: 1808.935 Thread 0x000002606e57ef10 Thread exited: 0x000002606e57ef10
Event: 1808.997 Thread 0x000002606e580950 Thread exited: 0x000002606e580950
Event: 1875.906 Thread 0x000002606e584460 Thread exited: 0x000002606e584460
Event: 17288.453 Thread 0x000002606e57ef10 Thread added: 0x000002606e57ef10
Event: 17288.453 Thread 0x000002606e583dd0 Thread added: 0x000002606e583dd0


Dynamic libraries:
0x00007ff7f6900000 - 0x00007ff7f6910000 	C:\Program Files\Java\jdk-21\bin\java.exe
0x00007ffb51fd0000 - 0x00007ffb521c8000 	C:\WINDOWS\SYSTEM32\ntdll.dll
0x00007ffb50bd0000 - 0x00007ffb50c92000 	C:\WINDOWS\System32\KERNEL32.DLL
0x00007ffb4f800000 - 0x00007ffb4faf6000 	C:\WINDOWS\System32\KERNELBASE.dll
0x00007ffb4fcc0000 - 0x00007ffb4fdc0000 	C:\WINDOWS\System32\ucrtbase.dll
0x00007ffb463d0000 - 0x00007ffb463eb000 	C:\Program Files\Java\jdk-21\bin\VCRUNTIME140.dll
0x00007ffb463b0000 - 0x00007ffb463c9000 	C:\Program Files\Java\jdk-21\bin\jli.dll
0x00007ffb50dd0000 - 0x00007ffb50e7f000 	C:\WINDOWS\System32\ADVAPI32.dll
0x00007ffb50850000 - 0x00007ffb508ee000 	C:\WINDOWS\System32\msvcrt.dll
0x00007ffb50e80000 - 0x00007ffb50f1f000 	C:\WINDOWS\System32\sechost.dll
0x00007ffb517f0000 - 0x00007ffb51913000 	C:\WINDOWS\System32\RPCRT4.dll
0x00007ffb4feb0000 - 0x00007ffb4fed7000 	C:\WINDOWS\System32\bcrypt.dll
0x00007ffb51920000 - 0x00007ffb51abd000 	C:\WINDOWS\System32\USER32.dll
0x00007ffb3d5f0000 - 0x00007ffb3d88a000 	C:\WINDOWS\WinSxS\amd64_microsoft.windows.common-controls_6595b64144ccf1df_6.0.19041.5794_none_60bcd33171f2783c\COMCTL32.dll
0x00007ffb4f7d0000 - 0x00007ffb4f7f2000 	C:\WINDOWS\System32\win32u.dll
0x00007ffb50770000 - 0x00007ffb5079b000 	C:\WINDOWS\System32\GDI32.dll
0x00007ffb4fee0000 - 0x00007ffb4fffa000 	C:\WINDOWS\System32\gdi32full.dll
0x00007ffb4fdc0000 - 0x00007ffb4fe5d000 	C:\WINDOWS\System32\msvcp_win.dll
0x00007ffb46070000 - 0x00007ffb4607a000 	C:\WINDOWS\SYSTEM32\VERSION.dll
0x00007ffb50b80000 - 0x00007ffb50baf000 	C:\WINDOWS\System32\IMM32.DLL
0x00007ffb46510000 - 0x00007ffb4651c000 	C:\Program Files\Java\jdk-21\bin\vcruntime140_1.dll
0x00007ffb2dcd0000 - 0x00007ffb2dd5e000 	C:\Program Files\Java\jdk-21\bin\msvcp140.dll
0x00007ffad1110000 - 0x00007ffad1e28000 	C:\Program Files\Java\jdk-21\bin\server\jvm.dll
0x00007ffb510d0000 - 0x00007ffb5113b000 	C:\WINDOWS\System32\WS2_32.dll
0x00007ffb4eb80000 - 0x00007ffb4ebcb000 	C:\WINDOWS\SYSTEM32\POWRPROF.dll
0x00007ffb425b0000 - 0x00007ffb425d7000 	C:\WINDOWS\SYSTEM32\WINMM.dll
0x00007ffb4ea30000 - 0x00007ffb4ea42000 	C:\WINDOWS\SYSTEM32\UMPDC.dll
0x00007ffb4d690000 - 0x00007ffb4d6a2000 	C:\WINDOWS\SYSTEM32\kernel.appcore.dll
0x00007ffb463a0000 - 0x00007ffb463aa000 	C:\Program Files\Java\jdk-21\bin\jimage.dll
0x00007ffb4d1e0000 - 0x00007ffb4d3e1000 	C:\WINDOWS\SYSTEM32\DBGHELP.DLL
0x00007ffb2c210000 - 0x00007ffb2c244000 	C:\WINDOWS\SYSTEM32\dbgcore.DLL
0x00007ffb4fbb0000 - 0x00007ffb4fc32000 	C:\WINDOWS\System32\bcryptPrimitives.dll
0x00007ffb46390000 - 0x00007ffb4639f000 	C:\Program Files\Java\jdk-21\bin\instrument.dll
0x00007ffb45d60000 - 0x00007ffb45d7f000 	C:\Program Files\Java\jdk-21\bin\java.dll
0x00007ffb50000000 - 0x00007ffb5076e000 	C:\WINDOWS\System32\SHELL32.dll
0x00007ffb4d6b0000 - 0x00007ffb4de53000 	C:\WINDOWS\SYSTEM32\windows.storage.dll
0x00007ffb512d0000 - 0x00007ffb51623000 	C:\WINDOWS\System32\combase.dll
0x00007ffb4f0a0000 - 0x00007ffb4f0cb000 	C:\WINDOWS\SYSTEM32\Wldp.dll
0x00007ffb51720000 - 0x00007ffb517ed000 	C:\WINDOWS\System32\OLEAUT32.dll
0x00007ffb51220000 - 0x00007ffb512cd000 	C:\WINDOWS\System32\SHCORE.dll
0x00007ffb516c0000 - 0x00007ffb51715000 	C:\WINDOWS\System32\shlwapi.dll
0x00007ffb4f5a0000 - 0x00007ffb4f5c5000 	C:\WINDOWS\SYSTEM32\profapi.dll
0x00007ffb415f0000 - 0x00007ffb41608000 	C:\Program Files\Java\jdk-21\bin\zip.dll
0x00007ffb462d0000 - 0x00007ffb462e0000 	C:\Program Files\Java\jdk-21\bin\net.dll
0x00007ffb478b0000 - 0x00007ffb479ba000 	C:\WINDOWS\SYSTEM32\WINHTTP.dll
0x00007ffb4edb0000 - 0x00007ffb4ee1c000 	C:\WINDOWS\system32\mswsock.dll
0x00007ffb415d0000 - 0x00007ffb415e6000 	C:\Program Files\Java\jdk-21\bin\nio.dll
0x00007ffb40490000 - 0x00007ffb40499000 	C:\Program Files\Java\jdk-21\bin\extnet.dll
0x00007ffb4eaa0000 - 0x00007ffb4eb6a000 	C:\WINDOWS\SYSTEM32\DNSAPI.dll
0x00007ffb4ea50000 - 0x00007ffb4ea8b000 	C:\WINDOWS\SYSTEM32\IPHLPAPI.DLL
0x00007ffb51210000 - 0x00007ffb51218000 	C:\WINDOWS\System32\NSI.dll
0x00007ffb486c0000 - 0x00007ffb486ca000 	C:\Windows\System32\rasadhlp.dll
0x00007ffb410f0000 - 0x00007ffb41170000 	C:\WINDOWS\System32\fwpuclnt.dll
0x00007ffb3e110000 - 0x00007ffb3e11a000 	C:\Program Files\Java\jdk-21\bin\management.dll
0x00007ffb3ce80000 - 0x00007ffb3ce8b000 	C:\Program Files\Java\jdk-21\bin\management_ext.dll
0x00007ffb51140000 - 0x00007ffb51148000 	C:\WINDOWS\System32\PSAPI.DLL
0x00007ffb4ef60000 - 0x00007ffb4ef78000 	C:\WINDOWS\SYSTEM32\CRYPTSP.dll
0x00007ffb4e670000 - 0x00007ffb4e6a8000 	C:\WINDOWS\system32\rsaenh.dll
0x00007ffb4f560000 - 0x00007ffb4f58e000 	C:\WINDOWS\SYSTEM32\USERENV.dll
0x00007ffb4ef80000 - 0x00007ffb4ef8c000 	C:\WINDOWS\SYSTEM32\CRYPTBASE.dll
0x00007ffb25500000 - 0x00007ffb25517000 	C:\WINDOWS\system32\napinsp.dll
0x00007ffb254e0000 - 0x00007ffb254fb000 	C:\WINDOWS\system32\pnrpnsp.dll
0x00007ffb4b2c0000 - 0x00007ffb4b2dd000 	C:\WINDOWS\system32\wshbth.dll
0x00007ffb49660000 - 0x00007ffb4967d000 	C:\WINDOWS\system32\NLAapi.dll
0x00007ffb254c0000 - 0x00007ffb254d2000 	C:\WINDOWS\System32\winrnr.dll
0x00007ffb2b420000 - 0x00007ffb2b471000 	C:\WINDOWS\SYSTEM32\pdh.dll
0x00007ffb47880000 - 0x00007ffb4788f000 	C:\WINDOWS\System32\perfproc.dll
0x00007ffb3ce50000 - 0x00007ffb3ce5e000 	C:\Program Files\Java\jdk-21\bin\sunmscapi.dll
0x00007ffb4f670000 - 0x00007ffb4f7cd000 	C:\WINDOWS\System32\CRYPT32.dll
0x00007ffb4f110000 - 0x00007ffb4f137000 	C:\WINDOWS\SYSTEM32\ncrypt.dll
0x00007ffb4f0d0000 - 0x00007ffb4f10b000 	C:\WINDOWS\SYSTEM32\NTASN1.dll
0x00007ffb38ac0000 - 0x00007ffb38ad0000 	C:\Program Files\Java\jdk-21\bin\verify.dll
0x00007ffacdc20000 - 0x00007ffacdc27000 	C:\WINDOWS\system32\wshunix.dll

dbghelp: loaded successfully - version: 4.0.5 - missing functions: none
symbol engine: initialized successfully - sym options: 0x614 - pdb path: .;C:\Program Files\Java\jdk-21\bin;C:\WINDOWS\SYSTEM32;C:\WINDOWS\WinSxS\amd64_microsoft.windows.common-controls_6595b64144ccf1df_6.0.19041.5794_none_60bcd33171f2783c;C:\Program Files\Java\jdk-21\bin\server

VM Arguments:
jvm_args: -XX:TieredStopAtLevel=1 -Dspring.output.ansi.enabled=always -Dcom.sun.management.jmxremote -Dspring.jmx.enabled=true -Dspring.liveBeansView.mbeanDomain -Dspring.application.admin.enabled=true -Dmanagement.endpoints.jmx.exposure.include=* -javaagent:C:\Program Files\JetBrains\IntelliJ IDEA 2024.3.4\lib\idea_rt.jar=59183 -Dfile.encoding=UTF-8 -Dsun.stdout.encoding=UTF-8 -Dsun.stderr.encoding=UTF-8 
java_command: com.hau.blogService.BlogServiceApplication
java_class_path (initial): D:\HAU\lap_trinh_mobile\book_store\microservice\blog-service\target\classes;C:\Users\lanta\.m2\repository\org\springframework\boot\spring-boot-starter-oauth2-resource-server\3.4.3\spring-boot-starter-oauth2-resource-server-3.4.3.jar;C:\Users\lanta\.m2\repository\org\springframework\boot\spring-boot-starter\3.4.5\spring-boot-starter-3.4.5.jar;C:\Users\lanta\.m2\repository\org\springframework\boot\spring-boot\3.4.5\spring-boot-3.4.5.jar;C:\Users\lanta\.m2\repository\org\springframework\boot\spring-boot-autoconfigure\3.4.5\spring-boot-autoconfigure-3.4.5.jar;C:\Users\lanta\.m2\repository\org\springframework\boot\spring-boot-starter-logging\3.4.5\spring-boot-starter-logging-3.4.5.jar;C:\Users\lanta\.m2\repository\ch\qos\logback\logback-classic\1.5.18\logback-classic-1.5.18.jar;C:\Users\lanta\.m2\repository\ch\qos\logback\logback-core\1.5.18\logback-core-1.5.18.jar;C:\Users\lanta\.m2\repository\org\apache\logging\log4j\log4j-to-slf4j\2.24.3\log4j-to-slf4j-2.24.3.jar;C:\Users\lanta\.m2\repository\org\apache\logging\log4j\log4j-api\2.24.3\log4j-api-2.24.3.jar;C:\Users\lanta\.m2\repository\org\slf4j\jul-to-slf4j\2.0.17\jul-to-slf4j-2.0.17.jar;C:\Users\lanta\.m2\repository\jakarta\annotation\jakarta.annotation-api\2.1.1\jakarta.annotation-api-2.1.1.jar;C:\Users\lanta\.m2\repository\org\yaml\snakeyaml\2.3\snakeyaml-2.3.jar;C:\Users\lanta\.m2\repository\org\springframework\security\spring-security-config\6.4.5\spring-security-config-6.4.5.jar;C:\Users\lanta\.m2\repository\org\springframework\spring-aop\6.2.6\spring-aop-6.2.6.jar;C:\Users\lanta\.m2\repository\org\springframework\spring-beans\6.2.6\spring-beans-6.2.6.jar;C:\Users\lanta\.m2\repository\org\springframework\security\spring-security-core\6.4.5\spring-security-core-6.4.5.jar;C:\Users\lanta\.m2\repository\org\springframework\security\spring-security-crypto\6.4.5\spring-security-crypto-6.4.5.jar;C:\Users\lanta\.m2\repository\org\springframework\spring-expression\6.2.6\spring-expression-6.2.6.jar;C:\Users\lanta\.m2\repository\org\springframework\security\spring-security-oauth2-resource-server\6.4.5\spring-security-oauth2-resource-server-6.4.5.jar;C:\Users\lanta\.m2\repository\org\springframework\security\spring-security-oauth2-core\6.4.5\spring-security-oauth2-core-6.4.5.jar;C:\Users\lanta\.m2\repository\org\springframework\security\spring-security-web\6.4.5\spring-security-web-6.4.5.jar;C:\Users\lanta\.m2\repository\org\springframework\security\spring-security-oauth2-jose\6.4.5\spring-security-oauth2-jose-6.4.5.jar;C:\Users\lanta\.m2\repository\org\projectlombok\lombok\1.18.36\lombok-1.18.36.jar;C:\Users\lanta\.m2\repository\org\springframework\kafka\spring-kafka\3.3.5\spring-kafka-3.3.5.jar;C:\Users\lanta\.m2\repository\org\springframework\spring-context\6.2.6\spring-context-6.2.6.jar;C:\Users\lanta\.m2\repository\org\springframework\spring-messaging\6.2.6\spring-messaging-6.2.6.jar;C:\Users\lanta\.m2\repository\org\springframework\spring-tx\6.2.6\spring-tx-6.2.6.jar;C:\Users\lanta\.m2\repository\org\springframework\retry\spring-retry\2.0.11\spring-retry-2.0.11.jar;C:\Users\lanta\.m2\repository\org\apache\kafka\kafka-clients\3.8.1\kafka-clients-3.8.1.jar;C:\Users\lanta\.m2\repository\com\github\luben\zstd-jni\1.5.6-4\zstd-jni-1.5.6-4.jar;C:\Users\lanta\.m2\repository\org\lz4\lz4-java\1.8.0\lz4-java-1.8.0.jar;C:\Users\lanta\.m2\repository\org\xerial\snappy\snappy-java\1.1.10.5\snappy-java-1.1.10.5.jar;C:\Users\lanta\.m2\repository\org\slf4j\slf4j-api\2.0.17\slf4j-api-2.0.17.jar;C:\Users\lanta\.m2\repository\io\micrometer\micrometer-observation\1.14.6\micrometer-observation-1.14.6.jar;C:\Users\lanta\.m2\repository\io\micrometer\micrometer-commons\1.14.6\micrometer-commons-1.14.6.jar;C:\Users\lanta\.m2\repository\org\projectlombok\lombok-mapstruct-binding\0.2.0\lombok-mapstruct-binding-0.2.0.jar;C:\Users\lanta\.m2\repository\org\mapstruct\mapstruct\1.6.3\mapstruct-1.6.3.jar;C:\Users\lanta\.m2\repository\org\mapstruct\mapstruct-processor\1.6.3\mapstruct-processor-1.6.3.jar;C:\Users\lanta\.m2\repository\org\postgresql\postgresql\42.7.5\postgresql-42.7.5.jar;C:\Users\lanta\.m2\repository\org\checkerframework\checker-qual\3.48.3\checker-qual-3.48.3.jar;C:\Users\lanta\.m2\repository\org\springframework\boot\spring-boot-starter-data-jpa\3.4.5\spring-boot-starter-data-jpa-3.4.5.jar;C:\Users\lanta\.m2\repository\org\springframework\boot\spring-boot-starter-jdbc\3.4.5\spring-boot-starter-jdbc-3.4.5.jar;C:\Users\lanta\.m2\repository\com\zaxxer\HikariCP\5.1.0\HikariCP-5.1.0.jar;C:\Users\lanta\.m2\repository\org\springframework\spring-jdbc\6.2.6\spring-jdbc-6.2.6.jar;C:\Users\lanta\.m2\repository\org\hibernate\orm\hibernate-core\6.6.13.Final\hibernate-core-6.6.13.Final.jar;C:\Users\lanta\.m2\repository\jakarta\persistence\jakarta.persistence-api\3.1.0\jakarta.persistence-api-3.1.0.jar;C:\Users\lanta\.m2\repository\jakarta\transaction\jakarta.transaction-api\2.0.1\jakarta.transaction-api-2.0.1.jar;C:\Users\lanta\.m2\repository\org\jboss\logging\jboss-logging\3.6.1.Final\jboss-logging-3.6.1.Final.jar;C:\Users\lanta\.m2\repository\org\hibernate\common\hibernate-commons-annotations\7.0.3.Final\hibernate-commons-annotations-7.0.3.Final.jar;C:\Users\lanta\.m2\repository\io\smallrye\jandex\3.2.0\jandex-3.2.0.jar;C:\Users\lanta\.m2\repository\com\fasterxml\classmate\1.7.0\classmate-1.7.0.jar;C:\Users\lanta\.m2\repository\net\bytebuddy\byte-buddy\1.15.11\byte-buddy-1.15.11.jar;C:\Users\lanta\.m2\repository\org\glassfish\jaxb\jaxb-runtime\4.0.5\jaxb-runtime-4.0.5.jar;C:\Users\lanta\.m2\repository\org\glassfish\jaxb\jaxb-core\4.0.5\jaxb-core-4.0.5.jar;C:\Users\lanta\.m2\repository\org\eclipse\angus\angus-activation\2.0.2\angus-activation-2.0.2.jar;C:\Users\lanta\.m2\repository\org\glassfish\jaxb\txw2\4.0.5\txw2-4.0.5.jar;C:\Users\lanta\.m2\repository\com\sun\istack\istack-commons-runtime\4.1.2\istack-commons-runtime-4.1.2.jar;C:\Users\lanta\.m2\repository\jakarta\inject\jakarta.inject-api\2.0.1\jakarta.inject-api-2.0.1.jar;C:\Users\lanta\.m2\repository\org\antlr\antlr4-runtime\4.13.0\antlr4-runtime-4.13.0.jar;C:\Users\lanta\.m2\repository\org\springframework\data\spring-data-jpa\3.4.5\spring-data-jpa-3.4.5.jar;C:\Users\lanta\.m2\repository\org\springframework\data\spring-data-commons\3.4.5\spring-data-commons-3.4.5.jar;C:\Users\lanta\.m2\repository\org\springframework\spring-orm\6.2.6\spring-orm-6.2.6.jar;C:\Users\lanta\.m2\repository\org\springframework\spring-aspects\6.2.6\spring-aspects-6.2.6.jar;C:\Users\lanta\.m2\repository\org\aspectj\aspectjweaver\1.9.24\aspectjweaver-1.9.24.jar;C:\Users\lanta\.m2\repository\jakarta\xml\bind\jakarta.xml.bind-api\4.0.2\jakarta.xml.bind-api-4.0.2.jar;C:\Users\lanta\.m2\repository\jakarta\activation\jakarta.activation-api\2.1.3\jakarta.activation-api-2.1.3.jar;C:\Users\lanta\.m2\repository\org\springframework\spring-core\6.2.6\spring-core-6.2.6.jar;C:\Users\lanta\.m2\repository\org\springframework\spring-jcl\6.2.6\spring-jcl-6.2.6.jar;C:\Users\lanta\.m2\repository\org\springframework\boot\spring-boot-starter-validation\3.4.5\spring-boot-starter-validation-3.4.5.jar;C:\Users\lanta\.m2\repository\org\apache\tomcat\embed\tomcat-embed-el\10.1.40\tomcat-embed-el-10.1.40.jar;C:\Users\lanta\.m2\repository\org\hibernate\validator\hibernate-validator\8.0.2.Final\hibernate-validator-8.0.2.Final.jar;C:\Users\lanta\.m2\repository\jakarta\validation\jakarta.validation-api\3.0.2\jakarta.validation-api-3.0.2.jar;C:\Users\lanta\.m2\repository\org\springframework\boot\spring-boot-starter-web\3.4.5\spring-boot-starter-web-3.4.5.jar;C:\Users\lanta\.m2\repository\org\springframework\boot\spring-boot-starter-json\3.4.5\spring-boot-starter-json-3.4.5.jar;C:\Users\lanta\.m2\repository\com\fasterxml\jackson\core\jackson-databind\2.18.3\jackson-databind-2.18.3.jar;C:\Users\lanta\.m2\repository\com\fasterxml\jackson\core\jackson-annotations\2.18.3\jackson-annotations-2.18.3.jar;C:\Users\lanta\.m2\repository\com\fasterxml\jackson\core\jackson-core\2.18.3\jackson-core-2.18.3.jar;C:\Users\lanta\.m2\repository\com\fasterxml\jackson\datatype\jackson-datatype-jdk8\2.18.3\jackson-datatype-jdk8-2.18.3.jar;C:\Users\lanta\.m2\repository\com\fasterxml\jackson\datatype\jackson-datatype-jsr310\2.18.3\jackson-datatype-jsr310-2.18.3.jar;C:\Users\lanta\.m2\repository\com\fasterxml\jackson\module\jackson-module-parameter-names\2.18.3\jackson-module-parameter-names-2.18.3.jar;C:\Users\lanta\.m2\repository\org\springframework\boot\spring-boot-starter-tomcat\3.4.5\spring-boot-starter-tomcat-3.4.5.jar;C:\Users\lanta\.m2\repository\org\apache\tomcat\embed\tomcat-embed-core\10.1.40\tomcat-embed-core-10.1.40.jar;C:\Users\lanta\.m2\repository\org\apache\tomcat\embed\tomcat-embed-websocket\10.1.40\tomcat-embed-websocket-10.1.40.jar;C:\Users\lanta\.m2\repository\org\springframework\spring-web\6.2.6\spring-web-6.2.6.jar;C:\Users\lanta\.m2\repository\org\springframework\spring-webmvc\6.2.6\spring-webmvc-6.2.6.jar;C:\Users\lanta\.m2\repository\com\nimbusds\nimbus-jose-jwt\10.0.2\nimbus-jose-jwt-10.0.2.jar;C:\Users\lanta\.m2\repository\org\springframework\cloud\spring-cloud-starter-openfeign\4.2.0\spring-cloud-starter-openfeign-4.2.0.jar;C:\Users\lanta\.m2\repository\org\springframework\cloud\spring-cloud-starter\4.2.1\spring-cloud-starter-4.2.1.jar;C:\Users\lanta\.m2\repository\org\springframework\cloud\spring-cloud-context\4.2.1\spring-cloud-context-4.2.1.jar;C:\Users\lanta\.m2\repository\org\bouncycastle\bcprov-jdk18on\1.78.1\bcprov-jdk18on-1.78.1.jar;C:\Users\lanta\.m2\repository\org\springframework\cloud\spring-cloud-openfeign-core\4.2.1\spring-cloud-openfeign-core-4.2.1.jar;C:\Users\lanta\.m2\repository\io\github\openfeign\feign-form-spring\13.5\feign-form-spring-13.5.jar;C:\Users\lanta\.m2\repository\io\github\openfeign\feign-form\13.5\feign-form-13.5.jar;C:\Users\lanta\.m2\repository\commons-fileupload\commons-fileupload\1.5\commons-fileupload-1.5.jar;C:\Users\lanta\.m2\repository\org\springframework\cloud\spring-cloud-commons\4.2.1\spring-cloud-commons-4.2.1.jar;C:\Users\lanta\.m2\repository\io\github\openfeign\feign-core\13.5\feign-core-13.5.jar;C:\Users\lanta\.m2\repository\io\github\openfeign\feign-slf4j\13.5\feign-slf4j-13.5.jar
Launcher Type: SUN_STANDARD

[Global flags]
     intx CICompilerCount                          = 4                                         {product} {ergonomic}
     uint ConcGCThreads                            = 3                                         {product} {ergonomic}
     uint G1ConcRefinementThreads                  = 10                                        {product} {ergonomic}
   size_t G1HeapRegionSize                         = 4194304                                   {product} {ergonomic}
    uintx GCDrainStackTargetSize                   = 64                                        {product} {ergonomic}
   size_t InitialHeapSize                          = 528482304                                 {product} {ergonomic}
     bool ManagementServer                         = true                                      {product} {command line}
   size_t MarkStackSize                            = 4194304                                   {product} {ergonomic}
   size_t MaxHeapSize                              = 8413773824                                {product} {ergonomic}
   size_t MaxNewSize                               = 5045747712                                {product} {ergonomic}
   size_t MinHeapDeltaBytes                        = 4194304                                   {product} {ergonomic}
   size_t MinHeapSize                              = 8388608                                   {product} {ergonomic}
    uintx NonNMethodCodeHeapSize                   = 4096                                   {pd product} {ergonomic}
    uintx NonProfiledCodeHeapSize                  = 0                                      {pd product} {ergonomic}
     bool ProfileInterpreter                       = false                                  {pd product} {command line}
    uintx ProfiledCodeHeapSize                     = 0                                      {pd product} {ergonomic}
   size_t SoftMaxHeapSize                          = 8413773824                             {manageable} {ergonomic}
     intx TieredStopAtLevel                        = 1                                         {product} {command line}
     bool UseCompressedOops                        = true                           {product lp64_product} {ergonomic}
     bool UseG1GC                                  = true                                      {product} {ergonomic}
     bool UseLargePagesIndividualAllocation        = false                                  {pd product} {ergonomic}

Logging:
Log output configuration:
 #0: stdout all=warning uptime,level,tags foldmultilines=false
 #1: stderr all=off uptime,level,tags foldmultilines=false

Environment Variables:
PATH=c:\Users\lanta\AppData\Local\Programs\cursor\resources\app\bin;C:\Program Files\Google\Chrome\Application;C:\Program Files\Common Files\Oracle\Java\javapath;C:\WINDOWS\system32;C:\WINDOWS;C:\WINDOWS\System32\Wbem;C:\WINDOWS\System32\WindowsPowerShell\v1.0\;C:\WINDOWS\System32\OpenSSH\;C:\Program Files\nodejs\;C:\Program Files\Git\cmd;C:\xampp\php;C:\composer;C:\Program Files\GitHub CLI\;C:\Program Files\dotnet\;C:\Program Files\Microsoft SQL Server\150\Tools\Binn\;C:\Users\lanta\AppData\Local\Android\Sdk\platform-tools;C:\Users\lanta\AppData\Local\Android\Sdk\platform;C:\Program Files\MySQL\MySQL Shell 8.0\bin\;C:\Users\lanta\AppData\Local\Programs\Python\Launcher\;C:\Users\lanta\AppData\Local\Microsoft\WindowsApps;C:\Users\lanta\AppData\Roaming\npm;C:\Program Files\JetBrains\WebStorm 2024.3.3\bin;C:\Users\lanta\AppData\Ro;C:\Program Files\Cloudflare\Cloudflare WARP\;C:\Users\lanta\AppData\Local\Programs\Python\Python312\Scripts;C:\Users\lanta\AppData\Local\Programs\Python\Python312;;C:\Program Files\Docker\Docker\resources\bin;C:\Users\lanta\AppData\Local\Programs\Python\Python312\Scripts;C:\Users\lanta\AppData\Local\Programs\Python\Python312;C:\Program Files\MySQL\MySQL Shell 8.0\bin\;C:\Users\lanta\AppData\Local\Programs\Python\Launcher\;C:\Users\lanta\AppData\Local\Microsoft\WindowsApps;C:\Users\lanta\AppData\Roaming\npm;C:\Users\lanta\AppData\Local\Programs\Microsoft VS Code\bin;C:\Program Files\JetBrains\WebStorm 2024.3.3\bin;C:\Users\lanta\AppData\Roaming\Composer\vendor\bin;C:\Program Files\JetBrains\PhpStorm 2024.3.3\bin;C:\Users\lanta\.dotnet\tools;C:\Program Files\JetBrains\PyCharm 2024.3.3\bin;C:\Program Files\JetBrains\IntelliJ IDEA 2024.3.4\bin;C:\Users\lanta\AppData\Local\Android\Sdk\platform-tools;C:\Users\lanta\AppData\Local\Android\Sdk\platform;C:\Users\lanta\AppData\Local\Programs\cursor\resources\app\bin;C:\Users\lanta\.lmstudio\bin;
USERNAME=lanta
OS=Windows_NT
PROCESSOR_IDENTIFIER=AMD64 Family 25 Model 80 Stepping 0, AuthenticAMD
TMP=C:\Users\lanta\AppData\Local\Temp
TEMP=C:\Users\lanta\AppData\Local\Temp




Periodic native trim disabled

---------------  S Y S T E M  ---------------

OS:
 Windows 10 , 64 bit Build 19041 (10.0.19041.5794)
OS uptime: 0 days 10:37 hours
Hyper-V role detected

CPU: total 12 (initial active 12) (12 cores per cpu, 2 threads per core) family 25 model 80 stepping 0 microcode 0x0, cx8, cmov, fxsr, ht, mmx, 3dnowpref, sse, sse2, sse3, ssse3, sse4a, sse4.1, sse4.2, popcnt, lzcnt, tsc, tscinvbit, avx, avx2, aes, erms, clmul, bmi1, bmi2, adx, sha, fma, vzeroupper, clflush, clflushopt, hv, rdtscp, rdpid, fsrm, f16c, cet_ss
Processor Information for all 12 processors :
  Max Mhz: 3301, Current Mhz: 3301, Mhz Limit: 3301

Memory: 4k page, system-wide physical 32095M (4566M free)
TotalPageFile size 32095M (AvailPageFile size 3M)
current process WorkingSet (physical memory assigned to process): 287M, peak: 302M
current process commit charge ("private bytes"): 351M, peak: 647M

vm_info: Java HotSpot(TM) 64-Bit Server VM (21.0.5+9-LTS-239) for windows-amd64 JRE (21.0.5+9-LTS-239), built on 2024-09-30T05:17:38Z by "mach5one" with MS VC++ 17.6 (VS2022)

END.
